<?xml version="1.0" encoding="UTF-8"?>
<!-- Generated by org.testng.reporters.JUnitReportReporter -->
<testsuite hostname="DESKTOP-673GFOM" failures="0" tests="1" name="cucumberOptions.TestRunner" time="0.198" errors="0" timestamp="2024-07-28T14:37:19 IST" skipped="0">
  <testcase classname="cucumberOptions.TestRunner" name="runScenario" time="0.198"/>
</testsuite> <!-- cucumberOptions.TestRunner -->
